<?xml version="1.0" encoding="UTF-8"?>
<!-- Generated by org.testng.reporters.JUnitXMLReporter -->
<testsuite ignored="0" hostname="SupriyaYadav" failures="0" tests="10" name="HomePage Test " time="18.314" errors="0" timestamp="2023-08-01T12:17:57 IST">
  <testcase classname="com.sm.RedBus.tests.HomePageTest" name="hmPageTitleTest" time="0.152"/>
  <testcase classname="com.sm.RedBus.tests.HomePageTest" name="hmPageLogoTest" time="1.02"/>
  <testcase classname="com.sm.RedBus.tests.HomePageTest" name="hmPageBusTktTest" time="0.088"/>
  <testcase classname="com.sm.RedBus.tests.HomePageTest" name="hmPageCabRentalTest" time="0.08"/>
  <testcase classname="com.sm.RedBus.tests.HomePageTest" name="hmPageTrainTktTest" time="0.066"/>
  <testcase classname="com.sm.RedBus.tests.HomePageTest" name="hmPageHelpBtnTest" time="0.08"/>
  <testcase classname="com.sm.RedBus.tests.HomePageTest" name="hmPageAccountBtnTest" time="0.081"/>
  <testcase classname="com.sm.RedBus.tests.HomePageTest" name="hmPageFromTextBoxTest" time="0.791"/>
  <testcase classname="com.sm.RedBus.tests.HomePageTest" name="hmPageToTextBoxTest" time="0.887"/>
  <testcase classname="com.sm.RedBus.tests.HomePageTest" name="hmPageSearchBtnTest" time="0.765"/>
</testsuite> <!-- HomePage Test  -->
