<?xml version="1.0" encoding="UTF-8"?>
<testng-results ignored="0" total="2" passed="2" failed="0" skipped="0">
  <reporter-output>
  </reporter-output>
  <suite started-at="2023-07-31T11:05:33 IST" name="Sanity" finished-at="2023-07-31T11:05:50 IST" duration-ms="16761">
    <groups>
    </groups>
    <test started-at="2023-07-31T11:05:33 IST" name="HomePage Test " finished-at="2023-07-31T11:05:50 IST" duration-ms="16761">
      <class name="com.sm.RedBus.tests.HomePageTest">
        <test-method is-config="true" signature="setup(java.lang.String,java.lang.String)[pri:0, instance:com.sm.RedBus.tests.HomePageTest@210d2a6c]" started-at="2023-07-31T11:05:33 IST" name="setup" finished-at="2023-07-31T11:05:47 IST" duration-ms="13980" status="PASS">
          <params>
            <param index="0">
              <value>
                <![CDATA[chrome]]>
              </value>
            </param>
            <param index="1">
              <value>
                <![CDATA[115.0]]>
              </value>
            </param>
          </params>
          <reporter-output>
          </reporter-output>
        </test-method> <!-- setup -->
        <test-method signature="hmPageLogoTest()[pri:0, instance:com.sm.RedBus.tests.HomePageTest@210d2a6c]" started-at="2023-07-31T11:05:48 IST" name="hmPageLogoTest" finished-at="2023-07-31T11:05:49 IST" duration-ms="1186" status="PASS">
          <reporter-output>
          </reporter-output>
        </test-method> <!-- hmPageLogoTest -->
        <test-method signature="hmPageTitleTest()[pri:0, instance:com.sm.RedBus.tests.HomePageTest@210d2a6c]" started-at="2023-07-31T11:05:49 IST" name="hmPageTitleTest" finished-at="2023-07-31T11:05:49 IST" duration-ms="73" status="PASS">
          <reporter-output>
          </reporter-output>
        </test-method> <!-- hmPageTitleTest -->
        <test-method is-config="true" signature="tearDown()[pri:0, instance:com.sm.RedBus.tests.HomePageTest@210d2a6c]" started-at="2023-07-31T11:05:49 IST" name="tearDown" finished-at="2023-07-31T11:05:50 IST" duration-ms="970" status="PASS">
          <reporter-output>
          </reporter-output>
        </test-method> <!-- tearDown -->
      </class> <!-- com.sm.RedBus.tests.HomePageTest -->
    </test> <!-- HomePage Test  -->
  </suite> <!-- Sanity -->
</testng-results>
