<?xml version="1.0" encoding="UTF-8"?>
<testng-results ignored="0" total="10" passed="10" failed="0" skipped="0">
  <reporter-output>
  </reporter-output>
  <suite started-at="2023-08-01T12:17:38 IST" name="Sanity" finished-at="2023-08-01T12:17:56 IST" duration-ms="18314">
    <groups>
    </groups>
    <test started-at="2023-08-01T12:17:38 IST" name="HomePage Test " finished-at="2023-08-01T12:17:56 IST" duration-ms="18314">
      <class name="com.sm.RedBus.tests.HomePageTest">
        <test-method is-config="true" signature="setup(java.lang.String,java.lang.String)[pri:0, instance:com.sm.RedBus.tests.HomePageTest@44d64d4e]" started-at="2023-08-01T12:17:38 IST" name="setup" finished-at="2023-08-01T12:17:51 IST" duration-ms="13233" status="PASS">
          <params>
            <param index="0">
              <value>
                <![CDATA[chrome]]>
              </value>
            </param>
            <param index="1">
              <value>
                <![CDATA[115.0]]>
              </value>
            </param>
          </params>
          <reporter-output>
          </reporter-output>
        </test-method> <!-- setup -->
        <test-method signature="hmPageTitleTest()[pri:1, instance:com.sm.RedBus.tests.HomePageTest@44d64d4e]" started-at="2023-08-01T12:17:51 IST" name="hmPageTitleTest" finished-at="2023-08-01T12:17:51 IST" duration-ms="152" status="PASS">
          <reporter-output>
          </reporter-output>
        </test-method> <!-- hmPageTitleTest -->
        <test-method signature="hmPageLogoTest()[pri:2, instance:com.sm.RedBus.tests.HomePageTest@44d64d4e]" started-at="2023-08-01T12:17:52 IST" name="hmPageLogoTest" finished-at="2023-08-01T12:17:53 IST" duration-ms="1020" status="PASS">
          <reporter-output>
          </reporter-output>
        </test-method> <!-- hmPageLogoTest -->
        <test-method signature="hmPageBusTktTest()[pri:3, instance:com.sm.RedBus.tests.HomePageTest@44d64d4e]" started-at="2023-08-01T12:17:53 IST" name="hmPageBusTktTest" finished-at="2023-08-01T12:17:53 IST" duration-ms="88" status="PASS">
          <reporter-output>
          </reporter-output>
        </test-method> <!-- hmPageBusTktTest -->
        <test-method signature="hmPageCabRentalTest()[pri:4, instance:com.sm.RedBus.tests.HomePageTest@44d64d4e]" started-at="2023-08-01T12:17:53 IST" name="hmPageCabRentalTest" finished-at="2023-08-01T12:17:53 IST" duration-ms="80" status="PASS">
          <reporter-output>
          </reporter-output>
        </test-method> <!-- hmPageCabRentalTest -->
        <test-method signature="hmPageTrainTktTest()[pri:5, instance:com.sm.RedBus.tests.HomePageTest@44d64d4e]" started-at="2023-08-01T12:17:53 IST" name="hmPageTrainTktTest" finished-at="2023-08-01T12:17:53 IST" duration-ms="66" status="PASS">
          <reporter-output>
          </reporter-output>
        </test-method> <!-- hmPageTrainTktTest -->
        <test-method signature="hmPageHelpBtnTest()[pri:6, instance:com.sm.RedBus.tests.HomePageTest@44d64d4e]" started-at="2023-08-01T12:17:53 IST" name="hmPageHelpBtnTest" finished-at="2023-08-01T12:17:53 IST" duration-ms="80" status="PASS">
          <reporter-output>
          </reporter-output>
        </test-method> <!-- hmPageHelpBtnTest -->
        <test-method signature="hmPageAccountBtnTest()[pri:7, instance:com.sm.RedBus.tests.HomePageTest@44d64d4e]" started-at="2023-08-01T12:17:53 IST" name="hmPageAccountBtnTest" finished-at="2023-08-01T12:17:53 IST" duration-ms="81" status="PASS">
          <reporter-output>
          </reporter-output>
        </test-method> <!-- hmPageAccountBtnTest -->
        <test-method signature="hmPageFromTextBoxTest()[pri:8, instance:com.sm.RedBus.tests.HomePageTest@44d64d4e]" started-at="2023-08-01T12:17:53 IST" name="hmPageFromTextBoxTest" finished-at="2023-08-01T12:17:54 IST" duration-ms="791" status="PASS">
          <reporter-output>
          </reporter-output>
        </test-method> <!-- hmPageFromTextBoxTest -->
        <test-method signature="hmPageToTextBoxTest()[pri:9, instance:com.sm.RedBus.tests.HomePageTest@44d64d4e]" started-at="2023-08-01T12:17:54 IST" name="hmPageToTextBoxTest" finished-at="2023-08-01T12:17:55 IST" duration-ms="887" status="PASS">
          <reporter-output>
          </reporter-output>
        </test-method> <!-- hmPageToTextBoxTest -->
        <test-method signature="hmPageSearchBtnTest()[pri:10, instance:com.sm.RedBus.tests.HomePageTest@44d64d4e]" started-at="2023-08-01T12:17:55 IST" name="hmPageSearchBtnTest" finished-at="2023-08-01T12:17:56 IST" duration-ms="765" status="PASS">
          <reporter-output>
          </reporter-output>
        </test-method> <!-- hmPageSearchBtnTest -->
        <test-method is-config="true" signature="tearDown()[pri:0, instance:com.sm.RedBus.tests.HomePageTest@44d64d4e]" started-at="2023-08-01T12:17:56 IST" name="tearDown" finished-at="2023-08-01T12:17:56 IST" duration-ms="573" status="PASS">
          <reporter-output>
          </reporter-output>
        </test-method> <!-- tearDown -->
      </class> <!-- com.sm.RedBus.tests.HomePageTest -->
    </test> <!-- HomePage Test  -->
  </suite> <!-- Sanity -->
</testng-results>
